<?xml version="1.0" encoding="UTF-8"?>
<!-- Generated by org.testng.reporters.JUnitReportReporter -->
<testsuite hostname="DESKTOP-E7RH1QJ" failures="0" tests="2" name="tests.LoginTest" time="5.008" errors="0" timestamp="2023-12-02T17:57:00 IST" skipped="0">
  <testcase classname="tests.LoginTest" name="testLogin" time="2.476"/>
  <system-out/>
  <testcase classname="tests.LoginTest" name="testLogin" time="2.532"/>
  <system-out/>
</testsuite> <!-- tests.LoginTest -->
